<?xml version="1.0" encoding="UTF-8"?>
<testsuite name="FizzBuzzTest" tests="1" skipped="0" failures="0" errors="0" timestamp="2021-10-18T15:41:41" hostname="DESKTOP-644R1VB" time="0.017">
  <properties/>
  <testcase name="testPositiveIntegerReturnFizz()" classname="FizzBuzzTest" time="0.017"/>
  <system-out><![CDATA[]]></system-out>
  <system-err><![CDATA[]]></system-err>
</testsuite>
