<?xml version="1.0" encoding="UTF-8"?>
<testsuite name="FizzBuzzTest" tests="2" skipped="0" failures="0" errors="0" timestamp="2021-10-18T15:39:40" hostname="DESKTOP-644R1VB" time="0.018">
  <properties/>
  <testcase name="testNegativeIntegerReturnFizz()" classname="FizzBuzzTest" time="0.017"/>
  <testcase name="testPositiveIntegerReturnFizz()" classname="FizzBuzzTest" time="0.001"/>
  <system-out><![CDATA[]]></system-out>
  <system-err><![CDATA[]]></system-err>
</testsuite>
